Copyright 1986-2019 Xilinx, Inc. All Rights Reserved.
------------------------------------------------------------------------------------------
| Tool Version : Vivado v.2019.2 (win64) Build 2708876 Wed Nov  6 21:40:23 MST 2019
| Date         : Sun Dec  1 11:48:22 2024
| Host         : LAPTOP-EJ06DPFO running 64-bit major release  (build 9200)
| Command      : report_control_sets -verbose -file lab6_advanced_control_sets_placed.rpt
| Design       : lab6_advanced
| Device       : xc7a35t
------------------------------------------------------------------------------------------

Control Set Information

Table of Contents
-----------------
1. Summary
2. Histogram
3. Flip-Flop Distribution
4. Detailed Control Set Information

1. Summary
----------

+----------------------------------------------------------+-------+
|                          Status                          | Count |
+----------------------------------------------------------+-------+
| Total control sets                                       |     8 |
|    Minimum number of control sets                        |     8 |
|    Addition due to synthesis replication                 |     0 |
|    Addition due to physical synthesis replication        |     0 |
| Unused register locations in slices containing registers |    38 |
+----------------------------------------------------------+-------+
* Control sets can be merged at opt_design using control_set_merge or merge_equivalent_drivers
** Run report_qor_suggestions for automated merging and remapping suggestions


2. Histogram
------------

+--------------------+-------+
|       Fanout       | Count |
+--------------------+-------+
| Total control sets |     8 |
| >= 0 to < 4        |     3 |
| >= 4 to < 6        |     2 |
| >= 6 to < 8        |     0 |
| >= 8 to < 10       |     0 |
| >= 10 to < 12      |     0 |
| >= 12 to < 14      |     0 |
| >= 14 to < 16      |     0 |
| >= 16              |     3 |
+--------------------+-------+
* Control sets can be remapped at either synth_design or opt_design


3. Flip-Flop Distribution
-------------------------

+--------------+-----------------------+------------------------+-----------------+--------------+
| Clock Enable | Synchronous Set/Reset | Asynchronous Set/Reset | Total Registers | Total Slices |
+--------------+-----------------------+------------------------+-----------------+--------------+
| No           | No                    | No                     |              35 |           11 |
| No           | No                    | Yes                    |              53 |           16 |
| No           | Yes                   | No                     |               1 |            1 |
| Yes          | No                    | No                     |               1 |            1 |
| Yes          | No                    | Yes                    |               0 |            0 |
| Yes          | Yes                   | No                     |              24 |            9 |
+--------------+-----------------------+------------------------+-----------------+--------------+


4. Detailed Control Set Information
-----------------------------------

+----------------+-----------------------+-----------------------+------------------+----------------+
|  Clock Signal  |     Enable Signal     |    Set/Reset Signal   | Slice Load Count | Bel Load Count |
+----------------+-----------------------+-----------------------+------------------+----------------+
|  B/clk1/CLK    |                       | rst_IBUF              |                1 |              1 |
|  clk_IBUF_BUFG | B/clk1/cnt[5]_i_2_n_0 |                       |                1 |              1 |
|  clk1/S[0]     |                       |                       |                1 |              3 |
|  B/clk1/CLK    |                       |                       |                2 |              4 |
|  clk_IBUF_BUFG | B/clk1/cnt[5]_i_2_n_0 | B/clk1/cnt[5]_i_1_n_0 |                2 |              4 |
|  B/clk1/CLK    | B/__0                 | rst_IBUF              |                7 |             20 |
|  clk_IBUF_BUFG |                       |                       |                8 |             28 |
|  clk_IBUF_BUFG |                       | rst_IBUF              |               16 |             53 |
+----------------+-----------------------+-----------------------+------------------+----------------+


