#-----------------------------------------------------------
# Vivado v2019.2 (64-bit)
# SW Build 2708876 on Wed Nov  6 21:40:23 MST 2019
# IP Build 2700528 on Thu Nov  7 00:09:20 MST 2019
# Start of session at: Fri Nov 29 14:59:04 2024
# Process ID: 9020
# Current directory: C:/logic_design/lab6_advanced_template/lab6_advanced_template/project_1
# Command line: vivado.exe -gui_launcher_event rodinguilauncherevent7672 C:\logic_design\lab6_advanced_template\lab6_advanced_template\project_1\project_1.xpr
# Log file: C:/logic_design/lab6_advanced_template/lab6_advanced_template/project_1/vivado.log
# Journal file: C:/logic_design/lab6_advanced_template/lab6_advanced_template/project_1\vivado.jou
#-----------------------------------------------------------
start_gui
open_project C:/logic_design/lab6_advanced_template/lab6_advanced_template/project_1/project_1.xpr
Scanning sources...
Finished scanning sources
INFO: [IP_Flow 19-234] Refreshing IP repositories
INFO: [IP_Flow 19-1704] No user IP repositories specified
INFO: [IP_Flow 19-2313] Loaded Vivado IP repository 'C:/Xilinx/Vivado/2019.2/data/ip'.
update_compile_order -fileset sources_1
reset_run impl_1 -prev_step 
WARNING: [Vivado 12-1017] Problems encountered:
1. PID not specified

launch_runs impl_1 -to_step write_bitstream -jobs 4
[Fri Nov 29 15:10:38 2024] Launched impl_1...
Run output will be captured here: C:/logic_design/lab6_advanced_template/lab6_advanced_template/project_1/project_1.runs/impl_1/runme.log
open_hw_manager
exit
INFO: [Common 17-206] Exiting Vivado at Fri Nov 29 15:15:05 2024...
